24/02/2023 12:57:54 PM -----------------------------------------------
24/02/2023 12:57:54 PM [Main]: Software started
24/02/2023 12:57:55 PM [Data]: Initialize Userdata...
24/02/2023 12:57:55 PM [Data]: Kundennummer geladen!
24/02/2023 12:57:55 PM [Splash]: Start Splash-Animation!
24/02/2023 12:57:55 PM [Main]: Multithreading with maximum 12 threads
24/02/2023 12:58:08 PM [Main]: Software closed.
24/02/2023 01:03:34 PM -----------------------------------------------
24/02/2023 01:03:34 PM [Main]: Software started
24/02/2023 01:03:34 PM [Data]: Initialize Userdata...
24/02/2023 01:03:34 PM [Data]: Kundennummer geladen!
24/02/2023 01:03:34 PM [Splash]: Start Splash-Animation!
24/02/2023 01:03:34 PM [Main]: Multithreading with maximum 12 threads
24/02/2023 01:05:19 PM [Main]: Software closed.
24/02/2023 01:06:45 PM -----------------------------------------------
24/02/2023 01:06:45 PM [Main]: Software started
24/02/2023 01:06:45 PM [Data]: Initialize Userdata...
24/02/2023 01:06:45 PM [Data]: Kundennummer geladen!
24/02/2023 01:06:45 PM [Splash]: Start Splash-Animation!
24/02/2023 01:06:45 PM [Main]: Multithreading with maximum 12 threads
24/02/2023 01:08:55 PM [Main]: Software closed.
24/02/2023 01:09:36 PM -----------------------------------------------
24/02/2023 01:09:36 PM [Main]: Software started
24/02/2023 01:09:37 PM [Data]: Initialize Userdata...
24/02/2023 01:09:37 PM [Data]: Kundennummer geladen!
24/02/2023 01:09:37 PM [Splash]: Start Splash-Animation!
24/02/2023 01:09:37 PM [Main]: Multithreading with maximum 12 threads
24/02/2023 01:11:53 PM [Main]: Software closed.
24/02/2023 01:12:14 PM -----------------------------------------------
24/02/2023 01:12:14 PM [Main]: Software started
24/02/2023 01:12:14 PM [Data]: Initialize Userdata...
24/02/2023 01:12:14 PM [Data]: Kundennummer geladen!
24/02/2023 01:12:14 PM [Splash]: Start Splash-Animation!
24/02/2023 01:12:14 PM [Main]: Multithreading with maximum 12 threads
24/02/2023 01:16:57 PM [Main]: Software closed.
24/02/2023 01:17:00 PM -----------------------------------------------
24/02/2023 01:17:00 PM [Main]: Software started
24/02/2023 01:17:00 PM [Data]: Initialize Userdata...
24/02/2023 01:17:00 PM [Data]: Kundennummer geladen!
24/02/2023 01:17:00 PM [Splash]: Start Splash-Animation!
24/02/2023 01:17:00 PM [Main]: Multithreading with maximum 12 threads
24/02/2023 01:17:49 PM [Data]: Get Userinformation from: Max Mustermann!
24/02/2023 01:17:49 PM [Data]: Get Userinformation from: Maxi Mustermann!
24/02/2023 01:17:50 PM [Data]: Get Userinformation from: Max Mustermann!
24/02/2023 01:17:51 PM [Data]: Get Userinformation from: Maxi Mustermann!
24/02/2023 01:17:55 PM [Main]: Software closed.
24/02/2023 01:21:30 PM -----------------------------------------------
24/02/2023 01:21:30 PM [Main]: Software started
24/02/2023 01:21:31 PM [Data]: Initialize Userdata...
24/02/2023 01:21:31 PM [Data]: Kundennummer geladen!
24/02/2023 01:21:31 PM [Splash]: Start Splash-Animation!
24/02/2023 01:21:31 PM [Main]: Multithreading with maximum 12 threads
24/02/2023 01:22:21 PM [Main]: Software closed.
24/02/2023 01:22:25 PM -----------------------------------------------
24/02/2023 01:22:25 PM [Main]: Software started
24/02/2023 01:22:26 PM [Data]: Initialize Userdata...
24/02/2023 01:22:26 PM [Data]: Kundennummer geladen!
24/02/2023 01:22:26 PM [Splash]: Start Splash-Animation!
24/02/2023 01:22:26 PM [Main]: Multithreading with maximum 12 threads
24/02/2023 01:23:18 PM [Main]: Software closed.
24/02/2023 01:32:33 PM -----------------------------------------------
24/02/2023 01:32:33 PM [Main]: Software started
24/02/2023 01:32:34 PM [Data]: Initialize Userdata...
24/02/2023 01:32:34 PM [Data]: Kundennummer geladen!
24/02/2023 01:32:34 PM [Splash]: Start Splash-Animation!
24/02/2023 01:32:34 PM [Main]: Multithreading with maximum 12 threads
24/02/2023 01:33:27 PM [Main]: Software closed.
24/02/2023 01:34:03 PM -----------------------------------------------
24/02/2023 01:34:03 PM [Main]: Software started
24/02/2023 01:34:04 PM [Data]: Initialize Userdata...
24/02/2023 01:34:04 PM [Data]: Kundennummer geladen!
24/02/2023 01:34:04 PM [Splash]: Start Splash-Animation!
24/02/2023 01:34:04 PM [Main]: Multithreading with maximum 12 threads
24/02/2023 01:34:06 PM [Main]: Software closed.
24/02/2023 01:34:23 PM -----------------------------------------------
24/02/2023 01:34:23 PM [Main]: Software started
24/02/2023 01:34:23 PM [Data]: Initialize Userdata...
24/02/2023 01:34:23 PM [Data]: Kundennummer geladen!
24/02/2023 01:34:23 PM [Splash]: Start Splash-Animation!
24/02/2023 01:34:23 PM [Main]: Multithreading with maximum 12 threads
24/02/2023 01:34:35 PM [Main]: Software closed.
24/02/2023 01:34:46 PM -----------------------------------------------
24/02/2023 01:34:46 PM [Main]: Software started
24/02/2023 01:34:47 PM [Data]: Initialize Userdata...
24/02/2023 01:34:47 PM [Data]: Kundennummer geladen!
24/02/2023 01:34:47 PM [Splash]: Start Splash-Animation!
24/02/2023 01:34:47 PM [Main]: Multithreading with maximum 12 threads
24/02/2023 01:38:09 PM [Main]: Software closed.
24/02/2023 02:49:29 PM -----------------------------------------------
24/02/2023 02:49:29 PM [Main]: Software started
24/02/2023 02:49:30 PM [Data]: Initialize Userdata...
24/02/2023 02:49:30 PM [Data]: Kundennummer geladen!
24/02/2023 02:49:30 PM [Splash]: Start Splash-Animation!
24/02/2023 02:49:30 PM [Main]: Multithreading with maximum 12 threads
24/02/2023 02:49:52 PM [Main]: Software closed.
24/02/2023 02:51:25 PM -----------------------------------------------
24/02/2023 02:51:25 PM [Main]: Software started
24/02/2023 02:51:26 PM [Data]: Initialize Userdata...
24/02/2023 02:51:26 PM [Data]: Kundennummer geladen!
24/02/2023 02:51:26 PM [Splash]: Start Splash-Animation!
24/02/2023 02:51:26 PM [Main]: Multithreading with maximum 12 threads
24/02/2023 02:51:49 PM [Main]: Software closed.
24/02/2023 02:52:29 PM -----------------------------------------------
24/02/2023 02:52:29 PM [Main]: Software started
24/02/2023 02:52:29 PM [Data]: Initialize Userdata...
24/02/2023 02:52:29 PM [Data]: Kundennummer geladen!
24/02/2023 02:52:29 PM [Splash]: Start Splash-Animation!
24/02/2023 02:52:29 PM [Main]: Multithreading with maximum 12 threads
24/02/2023 02:52:33 PM [Data]: Get Userinformation from: Max Mustermann!
24/02/2023 02:52:36 PM [Data]: Get Userinformation from: Max Mustermann!
24/02/2023 02:52:36 PM [Data]: Get Userinformation from: Max Mustermann!
24/02/2023 02:52:36 PM [Data]: Get Userinformation from: Max Mustermann!
24/02/2023 02:52:37 PM [Data]: Get Userinformation from: Maxi Mustermann!
24/02/2023 02:52:38 PM [Data]: Get Userinformation from: Max Mustermann!
24/02/2023 02:52:38 PM [Data]: Get Userinformation from: Max Mustermann!
24/02/2023 02:52:39 PM [Data]: Get Userinformation from: Max Mustermann!
24/02/2023 02:53:20 PM [Main]: Software closed.
24/02/2023 02:59:18 PM -----------------------------------------------
24/02/2023 02:59:18 PM [Main]: Software started
24/02/2023 02:59:19 PM [Data]: Initialize Userdata...
24/02/2023 02:59:19 PM [Data]: Kundennummer geladen!
24/02/2023 02:59:19 PM [Splash]: Start Splash-Animation!
24/02/2023 02:59:19 PM [Main]: Multithreading with maximum 12 threads
24/02/2023 03:01:51 PM [Main]: Software closed.
24/02/2023 03:03:34 PM -----------------------------------------------
24/02/2023 03:03:34 PM [Main]: Software started
24/02/2023 03:03:34 PM [Data]: Initialize Userdata...
24/02/2023 03:03:34 PM [Data]: Kundennummer geladen!
24/02/2023 03:03:34 PM [Splash]: Start Splash-Animation!
24/02/2023 03:03:34 PM [Main]: Multithreading with maximum 12 threads
24/02/2023 03:04:05 PM [Main]: Software closed.
24/02/2023 03:06:24 PM -----------------------------------------------
24/02/2023 03:06:24 PM [Main]: Software started
24/02/2023 03:06:24 PM [Data]: Initialize Userdata...
24/02/2023 03:06:24 PM [Data]: Kundennummer geladen!
24/02/2023 03:06:24 PM [Splash]: Start Splash-Animation!
24/02/2023 03:06:24 PM [Main]: Multithreading with maximum 12 threads
24/02/2023 03:07:12 PM [Main]: Software closed.
24/02/2023 03:08:17 PM -----------------------------------------------
24/02/2023 03:08:17 PM [Main]: Software started
24/02/2023 03:08:18 PM [Data]: Initialize Userdata...
24/02/2023 03:08:18 PM [Data]: Kundennummer geladen!
24/02/2023 03:08:18 PM [Splash]: Start Splash-Animation!
24/02/2023 03:08:18 PM [Main]: Multithreading with maximum 12 threads
24/02/2023 03:08:19 PM [Main]: Software closed.
24/02/2023 03:08:37 PM -----------------------------------------------
24/02/2023 03:08:37 PM [Main]: Software started
24/02/2023 03:08:38 PM [Data]: Initialize Userdata...
24/02/2023 03:08:38 PM [Data]: Kundennummer geladen!
24/02/2023 03:08:38 PM [Splash]: Start Splash-Animation!
24/02/2023 03:08:38 PM [Main]: Multithreading with maximum 12 threads
24/02/2023 03:08:39 PM [Main]: Software closed.
