23/02/2023 08:45:50 PM -----------------------------------------------
23/02/2023 08:45:50 PM [Main]: Software started
23/02/2023 08:45:50 PM [Data]: Initialize Userdata...
23/02/2023 08:45:50 PM [Data]: Kundennummer geladen!
23/02/2023 08:45:50 PM [Splash]: Start Splash-Animation!
23/02/2023 08:45:50 PM [Main]: Multithreading with maximum 12 threads
23/02/2023 08:46:07 PM -----------------------------------------------
23/02/2023 08:46:07 PM [Main]: Software started
23/02/2023 08:46:07 PM [Data]: Initialize Userdata...
23/02/2023 08:46:07 PM [Data]: Kundennummer geladen!
23/02/2023 08:46:07 PM [Splash]: Start Splash-Animation!
23/02/2023 08:46:07 PM [Main]: Multithreading with maximum 12 threads
23/02/2023 08:46:21 PM [Main]: Software closed.
23/02/2023 08:46:47 PM -----------------------------------------------
23/02/2023 08:46:47 PM [Main]: Software started
23/02/2023 08:46:47 PM [Data]: Initialize Userdata...
23/02/2023 08:46:47 PM [Data]: Kundennummer geladen!
23/02/2023 08:46:47 PM [Splash]: Start Splash-Animation!
23/02/2023 08:46:47 PM [Main]: Multithreading with maximum 12 threads
23/02/2023 08:47:01 PM [Main]: Software closed.
